[INIT] Kernels shape: (64, 3, 3, 3)
[INIT] Kernels shape: (64, 64, 3, 3)
[INIT] Kernels shape: (128, 64, 3, 3)
[INIT] Kernels shape: (128, 128, 3, 3)
[INIT] Kernels shape: (256, 128, 3, 3)
[INIT] Kernels shape: (256, 256, 3, 3)
[INIT] Kernels shape: (256, 256, 3, 3)
[INIT] Kernels shape: (512, 256, 3, 3)
[INIT] Kernels shape: (512, 512, 3, 3)
[INIT] Kernels shape: (512, 512, 3, 3)
Epoch 1/1 Start...

[FORWARD] Input shape: torch.Size([32, 3, 224, 224])
[DEBUG] im2col output shape: (32, 224, 224, 3, 3, 3)
[DEBUG] input_col shape: (1605632, 27), kernels_col.T shape: (27, 64)
[FORWARD] Output shape: torch.Size([32, 64, 224, 224])
[FORWARD] Input shape: torch.Size([32, 64, 224, 224])
[DEBUG] im2col output shape: (32, 224, 224, 64, 3, 3)
[DEBUG] input_col shape: (1605632, 576), kernels_col.T shape: (576, 64)
[FORWARD] Output shape: torch.Size([32, 64, 224, 224])
[FORWARD] Input shape: torch.Size([32, 64, 112, 112])
[DEBUG] im2col output shape: (32, 112, 112, 64, 3, 3)
[DEBUG] input_col shape: (401408, 576), kernels_col.T shape: (576, 128)
[FORWARD] Output shape: torch.Size([32, 128, 112, 112])
[FORWARD] Input shape: torch.Size([32, 128, 112, 112])
[DEBUG] im2col output shape: (32, 112, 112, 128, 3, 3)
[DEBUG] input_col shape: (401408, 1152), kernels_col.T shape: (1152, 128)
[FORWARD] Output shape: torch.Size([32, 128, 112, 112])
[FORWARD] Input shape: torch.Size([32, 128, 56, 56])
[DEBUG] im2col output shape: (32, 56, 56, 128, 3, 3)
[DEBUG] input_col shape: (100352, 1152), kernels_col.T shape: (1152, 256)
[FORWARD] Output shape: torch.Size([32, 256, 56, 56])
[FORWARD] Input shape: torch.Size([32, 256, 56, 56])
[DEBUG] im2col output shape: (32, 56, 56, 256, 3, 3)
[DEBUG] input_col shape: (100352, 2304), kernels_col.T shape: (2304, 256)
[FORWARD] Output shape: torch.Size([32, 256, 56, 56])
[FORWARD] Input shape: torch.Size([32, 256, 56, 56])
[DEBUG] im2col output shape: (32, 56, 56, 256, 3, 3)
[DEBUG] input_col shape: (100352, 2304), kernels_col.T shape: (2304, 256)
[ERROR] Output bad! max(output) = 1633.444896651954
[FORWARD] Output shape: torch.Size([32, 256, 56, 56])
[FORWARD] Input shape: torch.Size([32, 256, 28, 28])
[DEBUG] im2col output shape: (32, 28, 28, 256, 3, 3)
[DEBUG] input_col shape: (25088, 2304), kernels_col.T shape: (2304, 512)
[ERROR] Output bad! max(output) = 4182.436769727542
[FORWARD] Output shape: torch.Size([32, 512, 28, 28])
[FORWARD] Input shape: torch.Size([32, 512, 28, 28])
[DEBUG] im2col output shape: (32, 28, 28, 512, 3, 3)
[DEBUG] input_col shape: (25088, 4608), kernels_col.T shape: (4608, 512)
[ERROR] Output bad! max(output) = 14619.573726074601
[FORWARD] Output shape: torch.Size([32, 512, 28, 28])
[FORWARD] Input shape: torch.Size([32, 512, 28, 28])
[DEBUG] im2col output shape: (32, 28, 28, 512, 3, 3)
[DEBUG] input_col shape: (25088, 4608), kernels_col.T shape: (4608, 512)
[ERROR] Output bad! max(output) = 33455.53017507418
[FORWARD] Output shape: torch.Size([32, 512, 28, 28])
Batch 1/74 - Loss: 623.0471
[FORWARD] Input shape: torch.Size([32, 3, 224, 224])
[DEBUG] im2col output shape: (32, 224, 224, 3, 3, 3)
[DEBUG] input_col shape: (1605632, 27), kernels_col.T shape: (27, 64)
[FORWARD] Output shape: torch.Size([32, 64, 224, 224])
[FORWARD] Input shape: torch.Size([32, 64, 224, 224])
[DEBUG] im2col output shape: (32, 224, 224, 64, 3, 3)
[DEBUG] input_col shape: (1605632, 576), kernels_col.T shape: (576, 64)
[FORWARD] Output shape: torch.Size([32, 64, 224, 224])
[FORWARD] Input shape: torch.Size([32, 64, 112, 112])
[DEBUG] im2col output shape: (32, 112, 112, 64, 3, 3)
[DEBUG] input_col shape: (401408, 576), kernels_col.T shape: (576, 128)
[FORWARD] Output shape: torch.Size([32, 128, 112, 112])
[FORWARD] Input shape: torch.Size([32, 128, 112, 112])
[DEBUG] im2col output shape: (32, 112, 112, 128, 3, 3)
[DEBUG] input_col shape: (401408, 1152), kernels_col.T shape: (1152, 128)
[FORWARD] Output shape: torch.Size([32, 128, 112, 112])
[FORWARD] Input shape: torch.Size([32, 128, 56, 56])
[DEBUG] im2col output shape: (32, 56, 56, 128, 3, 3)
[DEBUG] input_col shape: (100352, 1152), kernels_col.T shape: (1152, 256)
[FORWARD] Output shape: torch.Size([32, 256, 56, 56])
[FORWARD] Input shape: torch.Size([32, 256, 56, 56])
[DEBUG] im2col output shape: (32, 56, 56, 256, 3, 3)
[DEBUG] input_col shape: (100352, 2304), kernels_col.T shape: (2304, 256)
[FORWARD] Output shape: torch.Size([32, 256, 56, 56])
[FORWARD] Input shape: torch.Size([32, 256, 56, 56])
[DEBUG] im2col output shape: (32, 56, 56, 256, 3, 3)
[DEBUG] input_col shape: (100352, 2304), kernels_col.T shape: (2304, 256)
[ERROR] Output bad! max(output) = 1661.4294133475462
[FORWARD] Output shape: torch.Size([32, 256, 56, 56])
[FORWARD] Input shape: torch.Size([32, 256, 28, 28])
[DEBUG] im2col output shape: (32, 28, 28, 256, 3, 3)
[DEBUG] input_col shape: (25088, 2304), kernels_col.T shape: (2304, 512)
[ERROR] Output bad! max(output) = 4140.3823442543535
[FORWARD] Output shape: torch.Size([32, 512, 28, 28])
[FORWARD] Input shape: torch.Size([32, 512, 28, 28])
[DEBUG] im2col output shape: (32, 28, 28, 512, 3, 3)
[DEBUG] input_col shape: (25088, 4608), kernels_col.T shape: (4608, 512)
[ERROR] Output bad! max(output) = 15097.774453387641
[FORWARD] Output shape: torch.Size([32, 512, 28, 28])
[FORWARD] Input shape: torch.Size([32, 512, 28, 28])
[DEBUG] im2col output shape: (32, 28, 28, 512, 3, 3)
[DEBUG] input_col shape: (25088, 4608), kernels_col.T shape: (4608, 512)
[ERROR] Output bad! max(output) = 34999.4653261765
[FORWARD] Output shape: torch.Size([32, 512, 28, 28])
Batch 2/74 - Loss: 22963.3555
[FORWARD] Input shape: torch.Size([32, 3, 224, 224])
[DEBUG] im2col output shape: (32, 224, 224, 3, 3, 3)
[DEBUG] input_col shape: (1605632, 27), kernels_col.T shape: (27, 64)
[FORWARD] Output shape: torch.Size([32, 64, 224, 224])
[FORWARD] Input shape: torch.Size([32, 64, 224, 224])
[DEBUG] im2col output shape: (32, 224, 224, 64, 3, 3)
[DEBUG] input_col shape: (1605632, 576), kernels_col.T shape: (576, 64)
[FORWARD] Output shape: torch.Size([32, 64, 224, 224])
[FORWARD] Input shape: torch.Size([32, 64, 112, 112])
[DEBUG] im2col output shape: (32, 112, 112, 64, 3, 3)
[DEBUG] input_col shape: (401408, 576), kernels_col.T shape: (576, 128)
[FORWARD] Output shape: torch.Size([32, 128, 112, 112])
[FORWARD] Input shape: torch.Size([32, 128, 112, 112])
[DEBUG] im2col output shape: (32, 112, 112, 128, 3, 3)
[DEBUG] input_col shape: (401408, 1152), kernels_col.T shape: (1152, 128)
[FORWARD] Output shape: torch.Size([32, 128, 112, 112])
[FORWARD] Input shape: torch.Size([32, 128, 56, 56])
[DEBUG] im2col output shape: (32, 56, 56, 128, 3, 3)
[DEBUG] input_col shape: (100352, 1152), kernels_col.T shape: (1152, 256)
[FORWARD] Output shape: torch.Size([32, 256, 56, 56])
[FORWARD] Input shape: torch.Size([32, 256, 56, 56])
[DEBUG] im2col output shape: (32, 56, 56, 256, 3, 3)
[DEBUG] input_col shape: (100352, 2304), kernels_col.T shape: (2304, 256)
[FORWARD] Output shape: torch.Size([32, 256, 56, 56])
[FORWARD] Input shape: torch.Size([32, 256, 56, 56])
[DEBUG] im2col output shape: (32, 56, 56, 256, 3, 3)
[DEBUG] input_col shape: (100352, 2304), kernels_col.T shape: (2304, 256)
[ERROR] Output bad! max(output) = 1522.1740409749082
[FORWARD] Output shape: torch.Size([32, 256, 56, 56])
[FORWARD] Input shape: torch.Size([32, 256, 28, 28])
[DEBUG] im2col output shape: (32, 28, 28, 256, 3, 3)
[DEBUG] input_col shape: (25088, 2304), kernels_col.T shape: (2304, 512)
[ERROR] Output bad! max(output) = 4189.272577329565
[FORWARD] Output shape: torch.Size([32, 512, 28, 28])
[FORWARD] Input shape: torch.Size([32, 512, 28, 28])
[DEBUG] im2col output shape: (32, 28, 28, 512, 3, 3)
[DEBUG] input_col shape: (25088, 4608), kernels_col.T shape: (4608, 512)
[ERROR] Output bad! max(output) = 14626.263216329171
[FORWARD] Output shape: torch.Size([32, 512, 28, 28])
[FORWARD] Input shape: torch.Size([32, 512, 28, 28])
[DEBUG] im2col output shape: (32, 28, 28, 512, 3, 3)
[DEBUG] input_col shape: (25088, 4608), kernels_col.T shape: (4608, 512)
[ERROR] Output bad! max(output) = 34022.265355081356
[FORWARD] Output shape: torch.Size([32, 512, 28, 28])
Batch 3/74 - Loss: 3990.1221
[FORWARD] Input shape: torch.Size([32, 3, 224, 224])
[DEBUG] im2col output shape: (32, 224, 224, 3, 3, 3)
[DEBUG] input_col shape: (1605632, 27), kernels_col.T shape: (27, 64)
[FORWARD] Output shape: torch.Size([32, 64, 224, 224])
[FORWARD] Input shape: torch.Size([32, 64, 224, 224])
[DEBUG] im2col output shape: (32, 224, 224, 64, 3, 3)
[DEBUG] input_col shape: (1605632, 576), kernels_col.T shape: (576, 64)
[FORWARD] Output shape: torch.Size([32, 64, 224, 224])
[FORWARD] Input shape: torch.Size([32, 64, 112, 112])
[DEBUG] im2col output shape: (32, 112, 112, 64, 3, 3)
[DEBUG] input_col shape: (401408, 576), kernels_col.T shape: (576, 128)
[FORWARD] Output shape: torch.Size([32, 128, 112, 112])
[FORWARD] Input shape: torch.Size([32, 128, 112, 112])
[DEBUG] im2col output shape: (32, 112, 112, 128, 3, 3)
[DEBUG] input_col shape: (401408, 1152), kernels_col.T shape: (1152, 128)
[FORWARD] Output shape: torch.Size([32, 128, 112, 112])
[FORWARD] Input shape: torch.Size([32, 128, 56, 56])
[DEBUG] im2col output shape: (32, 56, 56, 128, 3, 3)
[DEBUG] input_col shape: (100352, 1152), kernels_col.T shape: (1152, 256)
[FORWARD] Output shape: torch.Size([32, 256, 56, 56])
[FORWARD] Input shape: torch.Size([32, 256, 56, 56])
[DEBUG] im2col output shape: (32, 56, 56, 256, 3, 3)
[DEBUG] input_col shape: (100352, 2304), kernels_col.T shape: (2304, 256)
[FORWARD] Output shape: torch.Size([32, 256, 56, 56])
[FORWARD] Input shape: torch.Size([32, 256, 56, 56])
[DEBUG] im2col output shape: (32, 56, 56, 256, 3, 3)
[DEBUG] input_col shape: (100352, 2304), kernels_col.T shape: (2304, 256)
[ERROR] Output bad! max(output) = 1884.4047322261983
[FORWARD] Output shape: torch.Size([32, 256, 56, 56])
[FORWARD] Input shape: torch.Size([32, 256, 28, 28])
[DEBUG] im2col output shape: (32, 28, 28, 256, 3, 3)
[DEBUG] input_col shape: (25088, 2304), kernels_col.T shape: (2304, 512)
[ERROR] Output bad! max(output) = 4175.657656108868
[FORWARD] Output shape: torch.Size([32, 512, 28, 28])
[FORWARD] Input shape: torch.Size([32, 512, 28, 28])
[DEBUG] im2col output shape: (32, 28, 28, 512, 3, 3)
[DEBUG] input_col shape: (25088, 4608), kernels_col.T shape: (4608, 512)
[ERROR] Output bad! max(output) = 13705.90242685545
[FORWARD] Output shape: torch.Size([32, 512, 28, 28])
[FORWARD] Input shape: torch.Size([32, 512, 28, 28])
[DEBUG] im2col output shape: (32, 28, 28, 512, 3, 3)
[DEBUG] input_col shape: (25088, 4608), kernels_col.T shape: (4608, 512)
[ERROR] Output bad! max(output) = 36141.41330991646
[FORWARD] Output shape: torch.Size([32, 512, 28, 28])
Batch 4/74 - Loss: 13174.1152
[FORWARD] Input shape: torch.Size([32, 3, 224, 224])
[DEBUG] im2col output shape: (32, 224, 224, 3, 3, 3)
[DEBUG] input_col shape: (1605632, 27), kernels_col.T shape: (27, 64)
[FORWARD] Output shape: torch.Size([32, 64, 224, 224])
[FORWARD] Input shape: torch.Size([32, 64, 224, 224])
[DEBUG] im2col output shape: (32, 224, 224, 64, 3, 3)
[DEBUG] input_col shape: (1605632, 576), kernels_col.T shape: (576, 64)
[FORWARD] Output shape: torch.Size([32, 64, 224, 224])
[FORWARD] Input shape: torch.Size([32, 64, 112, 112])
[DEBUG] im2col output shape: (32, 112, 112, 64, 3, 3)
[DEBUG] input_col shape: (401408, 576), kernels_col.T shape: (576, 128)
[FORWARD] Output shape: torch.Size([32, 128, 112, 112])
[FORWARD] Input shape: torch.Size([32, 128, 112, 112])
[DEBUG] im2col output shape: (32, 112, 112, 128, 3, 3)
[DEBUG] input_col shape: (401408, 1152), kernels_col.T shape: (1152, 128)
[FORWARD] Output shape: torch.Size([32, 128, 112, 112])
[FORWARD] Input shape: torch.Size([32, 128, 56, 56])
[DEBUG] im2col output shape: (32, 56, 56, 128, 3, 3)
[DEBUG] input_col shape: (100352, 1152), kernels_col.T shape: (1152, 256)
[FORWARD] Output shape: torch.Size([32, 256, 56, 56])
[FORWARD] Input shape: torch.Size([32, 256, 56, 56])
[DEBUG] im2col output shape: (32, 56, 56, 256, 3, 3)
[DEBUG] input_col shape: (100352, 2304), kernels_col.T shape: (2304, 256)
[FORWARD] Output shape: torch.Size([32, 256, 56, 56])
[FORWARD] Input shape: torch.Size([32, 256, 56, 56])
[DEBUG] im2col output shape: (32, 56, 56, 256, 3, 3)
[DEBUG] input_col shape: (100352, 2304), kernels_col.T shape: (2304, 256)
[ERROR] Output bad! max(output) = 1613.9225962384667
[FORWARD] Output shape: torch.Size([32, 256, 56, 56])
[FORWARD] Input shape: torch.Size([32, 256, 28, 28])
[DEBUG] im2col output shape: (32, 28, 28, 256, 3, 3)
[DEBUG] input_col shape: (25088, 2304), kernels_col.T shape: (2304, 512)
[ERROR] Output bad! max(output) = 4258.65406440631
[FORWARD] Output shape: torch.Size([32, 512, 28, 28])
[FORWARD] Input shape: torch.Size([32, 512, 28, 28])
[DEBUG] im2col output shape: (32, 28, 28, 512, 3, 3)
[DEBUG] input_col shape: (25088, 4608), kernels_col.T shape: (4608, 512)
[ERROR] Output bad! max(output) = 14984.660392055031
[FORWARD] Output shape: torch.Size([32, 512, 28, 28])
[FORWARD] Input shape: torch.Size([32, 512, 28, 28])
[DEBUG] im2col output shape: (32, 28, 28, 512, 3, 3)
[DEBUG] input_col shape: (25088, 4608), kernels_col.T shape: (4608, 512)
[ERROR] Output bad! max(output) = 34845.76534477018
[FORWARD] Output shape: torch.Size([32, 512, 28, 28])
Batch 5/74 - Loss: 16116.3008
[FORWARD] Input shape: torch.Size([32, 3, 224, 224])
[DEBUG] im2col output shape: (32, 224, 224, 3, 3, 3)
[DEBUG] input_col shape: (1605632, 27), kernels_col.T shape: (27, 64)
[FORWARD] Output shape: torch.Size([32, 64, 224, 224])
[FORWARD] Input shape: torch.Size([32, 64, 224, 224])
[DEBUG] im2col output shape: (32, 224, 224, 64, 3, 3)
[DEBUG] input_col shape: (1605632, 576), kernels_col.T shape: (576, 64)
[FORWARD] Output shape: torch.Size([32, 64, 224, 224])
[FORWARD] Input shape: torch.Size([32, 64, 112, 112])
[DEBUG] im2col output shape: (32, 112, 112, 64, 3, 3)
[DEBUG] input_col shape: (401408, 576), kernels_col.T shape: (576, 128)
[FORWARD] Output shape: torch.Size([32, 128, 112, 112])
[FORWARD] Input shape: torch.Size([32, 128, 112, 112])
[DEBUG] im2col output shape: (32, 112, 112, 128, 3, 3)
[DEBUG] input_col shape: (401408, 1152), kernels_col.T shape: (1152, 128)
[FORWARD] Output shape: torch.Size([32, 128, 112, 112])
[FORWARD] Input shape: torch.Size([32, 128, 56, 56])
[DEBUG] im2col output shape: (32, 56, 56, 128, 3, 3)
[DEBUG] input_col shape: (100352, 1152), kernels_col.T shape: (1152, 256)
[FORWARD] Output shape: torch.Size([32, 256, 56, 56])
[FORWARD] Input shape: torch.Size([32, 256, 56, 56])
[DEBUG] im2col output shape: (32, 56, 56, 256, 3, 3)
[DEBUG] input_col shape: (100352, 2304), kernels_col.T shape: (2304, 256)
[FORWARD] Output shape: torch.Size([32, 256, 56, 56])
[FORWARD] Input shape: torch.Size([32, 256, 56, 56])
[DEBUG] im2col output shape: (32, 56, 56, 256, 3, 3)
[DEBUG] input_col shape: (100352, 2304), kernels_col.T shape: (2304, 256)
[ERROR] Output bad! max(output) = 1508.895393760679
[FORWARD] Output shape: torch.Size([32, 256, 56, 56])
[FORWARD] Input shape: torch.Size([32, 256, 28, 28])
[DEBUG] im2col output shape: (32, 28, 28, 256, 3, 3)
[DEBUG] input_col shape: (25088, 2304), kernels_col.T shape: (2304, 512)
[ERROR] Output bad! max(output) = 4281.843714331854
[FORWARD] Output shape: torch.Size([32, 512, 28, 28])
[FORWARD] Input shape: torch.Size([32, 512, 28, 28])
[DEBUG] im2col output shape: (32, 28, 28, 512, 3, 3)
[DEBUG] input_col shape: (25088, 4608), kernels_col.T shape: (4608, 512)
[ERROR] Output bad! max(output) = 14334.99521993379
[FORWARD] Output shape: torch.Size([32, 512, 28, 28])
[FORWARD] Input shape: torch.Size([32, 512, 28, 28])
[DEBUG] im2col output shape: (32, 28, 28, 512, 3, 3)
[DEBUG] input_col shape: (25088, 4608), kernels_col.T shape: (4608, 512)
[ERROR] Output bad! max(output) = 32991.950524166336
[FORWARD] Output shape: torch.Size([32, 512, 28, 28])
Batch 6/74 - Loss: 9645.4824
[FORWARD] Input shape: torch.Size([32, 3, 224, 224])
[DEBUG] im2col output shape: (32, 224, 224, 3, 3, 3)
[DEBUG] input_col shape: (1605632, 27), kernels_col.T shape: (27, 64)
[FORWARD] Output shape: torch.Size([32, 64, 224, 224])
[FORWARD] Input shape: torch.Size([32, 64, 224, 224])
[DEBUG] im2col output shape: (32, 224, 224, 64, 3, 3)
[DEBUG] input_col shape: (1605632, 576), kernels_col.T shape: (576, 64)
[FORWARD] Output shape: torch.Size([32, 64, 224, 224])
[FORWARD] Input shape: torch.Size([32, 64, 112, 112])
[DEBUG] im2col output shape: (32, 112, 112, 64, 3, 3)
[DEBUG] input_col shape: (401408, 576), kernels_col.T shape: (576, 128)
[FORWARD] Output shape: torch.Size([32, 128, 112, 112])
[FORWARD] Input shape: torch.Size([32, 128, 112, 112])
[DEBUG] im2col output shape: (32, 112, 112, 128, 3, 3)
[DEBUG] input_col shape: (401408, 1152), kernels_col.T shape: (1152, 128)
[FORWARD] Output shape: torch.Size([32, 128, 112, 112])
[FORWARD] Input shape: torch.Size([32, 128, 56, 56])
[DEBUG] im2col output shape: (32, 56, 56, 128, 3, 3)
[DEBUG] input_col shape: (100352, 1152), kernels_col.T shape: (1152, 256)
[FORWARD] Output shape: torch.Size([32, 256, 56, 56])
[FORWARD] Input shape: torch.Size([32, 256, 56, 56])
[DEBUG] im2col output shape: (32, 56, 56, 256, 3, 3)
[DEBUG] input_col shape: (100352, 2304), kernels_col.T shape: (2304, 256)
[FORWARD] Output shape: torch.Size([32, 256, 56, 56])
[FORWARD] Input shape: torch.Size([32, 256, 56, 56])
[DEBUG] im2col output shape: (32, 56, 56, 256, 3, 3)
[DEBUG] input_col shape: (100352, 2304), kernels_col.T shape: (2304, 256)
[ERROR] Output bad! max(output) = 1927.2762885324832
[FORWARD] Output shape: torch.Size([32, 256, 56, 56])
[FORWARD] Input shape: torch.Size([32, 256, 28, 28])
[DEBUG] im2col output shape: (32, 28, 28, 256, 3, 3)
[DEBUG] input_col shape: (25088, 2304), kernels_col.T shape: (2304, 512)
[ERROR] Output bad! max(output) = 4455.997734926823
[FORWARD] Output shape: torch.Size([32, 512, 28, 28])
[FORWARD] Input shape: torch.Size([32, 512, 28, 28])
[DEBUG] im2col output shape: (32, 28, 28, 512, 3, 3)
[DEBUG] input_col shape: (25088, 4608), kernels_col.T shape: (4608, 512)
[ERROR] Output bad! max(output) = 14240.115846277315
[FORWARD] Output shape: torch.Size([32, 512, 28, 28])
[FORWARD] Input shape: torch.Size([32, 512, 28, 28])
[DEBUG] im2col output shape: (32, 28, 28, 512, 3, 3)
[DEBUG] input_col shape: (25088, 4608), kernels_col.T shape: (4608, 512)
[ERROR] Output bad! max(output) = 34246.701118128105
[FORWARD] Output shape: torch.Size([32, 512, 28, 28])
Batch 7/74 - Loss: 1016.5624
[FORWARD] Input shape: torch.Size([32, 3, 224, 224])
[DEBUG] im2col output shape: (32, 224, 224, 3, 3, 3)
[DEBUG] input_col shape: (1605632, 27), kernels_col.T shape: (27, 64)
[FORWARD] Output shape: torch.Size([32, 64, 224, 224])
[FORWARD] Input shape: torch.Size([32, 64, 224, 224])
[DEBUG] im2col output shape: (32, 224, 224, 64, 3, 3)
[DEBUG] input_col shape: (1605632, 576), kernels_col.T shape: (576, 64)
[FORWARD] Output shape: torch.Size([32, 64, 224, 224])
[FORWARD] Input shape: torch.Size([32, 64, 112, 112])
[DEBUG] im2col output shape: (32, 112, 112, 64, 3, 3)
[DEBUG] input_col shape: (401408, 576), kernels_col.T shape: (576, 128)
[FORWARD] Output shape: torch.Size([32, 128, 112, 112])
[FORWARD] Input shape: torch.Size([32, 128, 112, 112])
[DEBUG] im2col output shape: (32, 112, 112, 128, 3, 3)
[DEBUG] input_col shape: (401408, 1152), kernels_col.T shape: (1152, 128)
[FORWARD] Output shape: torch.Size([32, 128, 112, 112])
[FORWARD] Input shape: torch.Size([32, 128, 56, 56])
[DEBUG] im2col output shape: (32, 56, 56, 128, 3, 3)
[DEBUG] input_col shape: (100352, 1152), kernels_col.T shape: (1152, 256)
[FORWARD] Output shape: torch.Size([32, 256, 56, 56])
[FORWARD] Input shape: torch.Size([32, 256, 56, 56])
[DEBUG] im2col output shape: (32, 56, 56, 256, 3, 3)
[DEBUG] input_col shape: (100352, 2304), kernels_col.T shape: (2304, 256)
[FORWARD] Output shape: torch.Size([32, 256, 56, 56])
[FORWARD] Input shape: torch.Size([32, 256, 56, 56])
[DEBUG] im2col output shape: (32, 56, 56, 256, 3, 3)
[DEBUG] input_col shape: (100352, 2304), kernels_col.T shape: (2304, 256)
[ERROR] Output bad! max(output) = 1884.304749240982
[FORWARD] Output shape: torch.Size([32, 256, 56, 56])
[FORWARD] Input shape: torch.Size([32, 256, 28, 28])
[DEBUG] im2col output shape: (32, 28, 28, 256, 3, 3)
[DEBUG] input_col shape: (25088, 2304), kernels_col.T shape: (2304, 512)
[ERROR] Output bad! max(output) = 4562.058218515487
[FORWARD] Output shape: torch.Size([32, 512, 28, 28])
[FORWARD] Input shape: torch.Size([32, 512, 28, 28])
[DEBUG] im2col output shape: (32, 28, 28, 512, 3, 3)
[DEBUG] input_col shape: (25088, 4608), kernels_col.T shape: (4608, 512)
[ERROR] Output bad! max(output) = 15238.767410140812
[FORWARD] Output shape: torch.Size([32, 512, 28, 28])
[FORWARD] Input shape: torch.Size([32, 512, 28, 28])
[DEBUG] im2col output shape: (32, 28, 28, 512, 3, 3)
[DEBUG] input_col shape: (25088, 4608), kernels_col.T shape: (4608, 512)
[ERROR] Output bad! max(output) = 36242.53597328773
[FORWARD] Output shape: torch.Size([32, 512, 28, 28])
Batch 8/74 - Loss: 5229.1084
[FORWARD] Input shape: torch.Size([32, 3, 224, 224])
[DEBUG] im2col output shape: (32, 224, 224, 3, 3, 3)
[DEBUG] input_col shape: (1605632, 27), kernels_col.T shape: (27, 64)
[FORWARD] Output shape: torch.Size([32, 64, 224, 224])
[FORWARD] Input shape: torch.Size([32, 64, 224, 224])
[DEBUG] im2col output shape: (32, 224, 224, 64, 3, 3)
[DEBUG] input_col shape: (1605632, 576), kernels_col.T shape: (576, 64)
[FORWARD] Output shape: torch.Size([32, 64, 224, 224])
[FORWARD] Input shape: torch.Size([32, 64, 112, 112])
[DEBUG] im2col output shape: (32, 112, 112, 64, 3, 3)
[DEBUG] input_col shape: (401408, 576), kernels_col.T shape: (576, 128)
[FORWARD] Output shape: torch.Size([32, 128, 112, 112])
[FORWARD] Input shape: torch.Size([32, 128, 112, 112])
[DEBUG] im2col output shape: (32, 112, 112, 128, 3, 3)
[DEBUG] input_col shape: (401408, 1152), kernels_col.T shape: (1152, 128)
[FORWARD] Output shape: torch.Size([32, 128, 112, 112])
[FORWARD] Input shape: torch.Size([32, 128, 56, 56])
[DEBUG] im2col output shape: (32, 56, 56, 128, 3, 3)
[DEBUG] input_col shape: (100352, 1152), kernels_col.T shape: (1152, 256)
[FORWARD] Output shape: torch.Size([32, 256, 56, 56])
[FORWARD] Input shape: torch.Size([32, 256, 56, 56])
[DEBUG] im2col output shape: (32, 56, 56, 256, 3, 3)
[DEBUG] input_col shape: (100352, 2304), kernels_col.T shape: (2304, 256)
[FORWARD] Output shape: torch.Size([32, 256, 56, 56])
[FORWARD] Input shape: torch.Size([32, 256, 56, 56])
[DEBUG] im2col output shape: (32, 56, 56, 256, 3, 3)
[DEBUG] input_col shape: (100352, 2304), kernels_col.T shape: (2304, 256)
[ERROR] Output bad! max(output) = 1663.2396530704295
[FORWARD] Output shape: torch.Size([32, 256, 56, 56])
[FORWARD] Input shape: torch.Size([32, 256, 28, 28])
[DEBUG] im2col output shape: (32, 28, 28, 256, 3, 3)
[DEBUG] input_col shape: (25088, 2304), kernels_col.T shape: (2304, 512)
[ERROR] Output bad! max(output) = 4102.070629606425
[FORWARD] Output shape: torch.Size([32, 512, 28, 28])
[FORWARD] Input shape: torch.Size([32, 512, 28, 28])
[DEBUG] im2col output shape: (32, 28, 28, 512, 3, 3)
[DEBUG] input_col shape: (25088, 4608), kernels_col.T shape: (4608, 512)
[ERROR] Output bad! max(output) = 14739.171139170387
[FORWARD] Output shape: torch.Size([32, 512, 28, 28])
[FORWARD] Input shape: torch.Size([32, 512, 28, 28])
[DEBUG] im2col output shape: (32, 28, 28, 512, 3, 3)
[DEBUG] input_col shape: (25088, 4608), kernels_col.T shape: (4608, 512)
[ERROR] Output bad! max(output) = 34995.97169921647
[FORWARD] Output shape: torch.Size([32, 512, 28, 28])
Batch 9/74 - Loss: 3794.7478
[FORWARD] Input shape: torch.Size([32, 3, 224, 224])
[DEBUG] im2col output shape: (32, 224, 224, 3, 3, 3)
[DEBUG] input_col shape: (1605632, 27), kernels_col.T shape: (27, 64)
[FORWARD] Output shape: torch.Size([32, 64, 224, 224])
[FORWARD] Input shape: torch.Size([32, 64, 224, 224])
[DEBUG] im2col output shape: (32, 224, 224, 64, 3, 3)
[DEBUG] input_col shape: (1605632, 576), kernels_col.T shape: (576, 64)
[FORWARD] Output shape: torch.Size([32, 64, 224, 224])
[FORWARD] Input shape: torch.Size([32, 64, 112, 112])
[DEBUG] im2col output shape: (32, 112, 112, 64, 3, 3)
[DEBUG] input_col shape: (401408, 576), kernels_col.T shape: (576, 128)
[FORWARD] Output shape: torch.Size([32, 128, 112, 112])
[FORWARD] Input shape: torch.Size([32, 128, 112, 112])
[DEBUG] im2col output shape: (32, 112, 112, 128, 3, 3)
[DEBUG] input_col shape: (401408, 1152), kernels_col.T shape: (1152, 128)
[FORWARD] Output shape: torch.Size([32, 128, 112, 112])
[FORWARD] Input shape: torch.Size([32, 128, 56, 56])
[DEBUG] im2col output shape: (32, 56, 56, 128, 3, 3)
[DEBUG] input_col shape: (100352, 1152), kernels_col.T shape: (1152, 256)
[FORWARD] Output shape: torch.Size([32, 256, 56, 56])
[FORWARD] Input shape: torch.Size([32, 256, 56, 56])
[DEBUG] im2col output shape: (32, 56, 56, 256, 3, 3)
[DEBUG] input_col shape: (100352, 2304), kernels_col.T shape: (2304, 256)
[FORWARD] Output shape: torch.Size([32, 256, 56, 56])
[FORWARD] Input shape: torch.Size([32, 256, 56, 56])
[DEBUG] im2col output shape: (32, 56, 56, 256, 3, 3)
[DEBUG] input_col shape: (100352, 2304), kernels_col.T shape: (2304, 256)
[ERROR] Output bad! max(output) = 1715.0317138990783
[FORWARD] Output shape: torch.Size([32, 256, 56, 56])
[FORWARD] Input shape: torch.Size([32, 256, 28, 28])
[DEBUG] im2col output shape: (32, 28, 28, 256, 3, 3)
[DEBUG] input_col shape: (25088, 2304), kernels_col.T shape: (2304, 512)
[ERROR] Output bad! max(output) = 3984.6938597412927
[FORWARD] Output shape: torch.Size([32, 512, 28, 28])
[FORWARD] Input shape: torch.Size([32, 512, 28, 28])
[DEBUG] im2col output shape: (32, 28, 28, 512, 3, 3)
[DEBUG] input_col shape: (25088, 4608), kernels_col.T shape: (4608, 512)
[ERROR] Output bad! max(output) = 14068.895645453209
[FORWARD] Output shape: torch.Size([32, 512, 28, 28])
[FORWARD] Input shape: torch.Size([32, 512, 28, 28])
[DEBUG] im2col output shape: (32, 28, 28, 512, 3, 3)
[DEBUG] input_col shape: (25088, 4608), kernels_col.T shape: (4608, 512)
[ERROR] Output bad! max(output) = 36989.500661959784
[FORWARD] Output shape: torch.Size([32, 512, 28, 28])
Batch 10/74 - Loss: 3407.8147
[FORWARD] Input shape: torch.Size([32, 3, 224, 224])
[DEBUG] im2col output shape: (32, 224, 224, 3, 3, 3)
[DEBUG] input_col shape: (1605632, 27), kernels_col.T shape: (27, 64)
[FORWARD] Output shape: torch.Size([32, 64, 224, 224])
[FORWARD] Input shape: torch.Size([32, 64, 224, 224])
[DEBUG] im2col output shape: (32, 224, 224, 64, 3, 3)
[DEBUG] input_col shape: (1605632, 576), kernels_col.T shape: (576, 64)
[FORWARD] Output shape: torch.Size([32, 64, 224, 224])
[FORWARD] Input shape: torch.Size([32, 64, 112, 112])
[DEBUG] im2col output shape: (32, 112, 112, 64, 3, 3)
[DEBUG] input_col shape: (401408, 576), kernels_col.T shape: (576, 128)
[FORWARD] Output shape: torch.Size([32, 128, 112, 112])
[FORWARD] Input shape: torch.Size([32, 128, 112, 112])
[DEBUG] im2col output shape: (32, 112, 112, 128, 3, 3)
[DEBUG] input_col shape: (401408, 1152), kernels_col.T shape: (1152, 128)
[FORWARD] Output shape: torch.Size([32, 128, 112, 112])
[FORWARD] Input shape: torch.Size([32, 128, 56, 56])
[DEBUG] im2col output shape: (32, 56, 56, 128, 3, 3)
[DEBUG] input_col shape: (100352, 1152), kernels_col.T shape: (1152, 256)
[FORWARD] Output shape: torch.Size([32, 256, 56, 56])
[FORWARD] Input shape: torch.Size([32, 256, 56, 56])
[DEBUG] im2col output shape: (32, 56, 56, 256, 3, 3)
[DEBUG] input_col shape: (100352, 2304), kernels_col.T shape: (2304, 256)
[FORWARD] Output shape: torch.Size([32, 256, 56, 56])
[FORWARD] Input shape: torch.Size([32, 256, 56, 56])
[DEBUG] im2col output shape: (32, 56, 56, 256, 3, 3)
[DEBUG] input_col shape: (100352, 2304), kernels_col.T shape: (2304, 256)
[ERROR] Output bad! max(output) = 1885.2090857786216
[FORWARD] Output shape: torch.Size([32, 256, 56, 56])
[FORWARD] Input shape: torch.Size([32, 256, 28, 28])
[DEBUG] im2col output shape: (32, 28, 28, 256, 3, 3)
[DEBUG] input_col shape: (25088, 2304), kernels_col.T shape: (2304, 512)
[ERROR] Output bad! max(output) = 4515.627384869703
[FORWARD] Output shape: torch.Size([32, 512, 28, 28])
[FORWARD] Input shape: torch.Size([32, 512, 28, 28])
[DEBUG] im2col output shape: (32, 28, 28, 512, 3, 3)

